2022-02-23 01:00:14,710 INFO o.a.j.u.JMeterUtils: Setting Locale to en_EN
2022-02-23 01:00:14,725 INFO o.a.j.JMeter: Loading user properties from: C:\Users\simon\Desktop\Bachelor\Thesis\apache-jmeter-5.4.3\bin\user.properties
2022-02-23 01:00:14,725 INFO o.a.j.JMeter: Loading system properties from: C:\Users\simon\Desktop\Bachelor\Thesis\apache-jmeter-5.4.3\bin\system.properties
2022-02-23 01:00:14,729 INFO o.a.j.JMeter: Copyright (c) 1998-2021 The Apache Software Foundation
2022-02-23 01:00:14,729 INFO o.a.j.JMeter: Version 5.4.3
2022-02-23 01:00:14,729 INFO o.a.j.JMeter: java.version=16.0.1
2022-02-23 01:00:14,729 INFO o.a.j.JMeter: java.vm.name=OpenJDK 64-Bit Server VM
2022-02-23 01:00:14,729 INFO o.a.j.JMeter: os.name=Windows 10
2022-02-23 01:00:14,729 INFO o.a.j.JMeter: os.arch=amd64
2022-02-23 01:00:14,730 INFO o.a.j.JMeter: os.version=10.0
2022-02-23 01:00:14,730 INFO o.a.j.JMeter: file.encoding=Cp1252
2022-02-23 01:00:14,730 INFO o.a.j.JMeter: java.awt.headless=true
2022-02-23 01:00:14,730 INFO o.a.j.JMeter: Max memory     =1073741824
2022-02-23 01:00:14,730 INFO o.a.j.JMeter: Available Processors =16
2022-02-23 01:00:14,736 INFO o.a.j.JMeter: Default Locale=English (EN)
2022-02-23 01:00:14,736 INFO o.a.j.JMeter: JMeter  Locale=English (EN)
2022-02-23 01:00:14,736 INFO o.a.j.JMeter: JMeterHome=C:\Users\simon\Desktop\Bachelor\Thesis\apache-jmeter-5.4.3
2022-02-23 01:00:14,736 INFO o.a.j.JMeter: user.dir  =C:\Users\simon\Desktop\Bachelor\Thesis\Arbeit\resources
2022-02-23 01:00:14,736 INFO o.a.j.JMeter: PWD       =C:\Users\simon\Desktop\Bachelor\Thesis\Arbeit\resources
2022-02-23 01:00:14,739 INFO o.a.j.JMeter: IP: 192.168.178.47 Name: DESKTOP-V9SAQ1L FullName: 192.168.178.47
2022-02-23 01:00:14,741 INFO o.a.j.s.FileServer: Default base='C:\Users\simon\Desktop\Bachelor\Thesis\Arbeit\resources'
2022-02-23 01:00:14,742 INFO o.a.j.s.FileServer: Set new base='C:\Users\simon\Desktop\Bachelor\Thesis\Arbeit\resources'
2022-02-23 01:00:14,841 INFO o.a.j.s.SaveService: Testplan (JMX) version: 2.2. Testlog (JTL) version: 2.2
2022-02-23 01:00:14,858 INFO o.a.j.s.SaveService: Using SaveService properties version 5.0
2022-02-23 01:00:14,860 INFO o.a.j.s.SaveService: Using SaveService properties file encoding UTF-8
2022-02-23 01:00:14,862 INFO o.a.j.s.SaveService: Loading file: Lasttest Variante D.jmx
2022-02-23 01:00:14,904 INFO o.a.j.p.h.s.HTTPSamplerBase: Parser for text/html is org.apache.jmeter.protocol.http.parser.LagartoBasedHtmlParser
2022-02-23 01:00:14,904 INFO o.a.j.p.h.s.HTTPSamplerBase: Parser for application/xhtml+xml is org.apache.jmeter.protocol.http.parser.LagartoBasedHtmlParser
2022-02-23 01:00:14,904 INFO o.a.j.p.h.s.HTTPSamplerBase: Parser for application/xml is org.apache.jmeter.protocol.http.parser.LagartoBasedHtmlParser
2022-02-23 01:00:14,904 INFO o.a.j.p.h.s.HTTPSamplerBase: Parser for text/xml is org.apache.jmeter.protocol.http.parser.LagartoBasedHtmlParser
2022-02-23 01:00:14,905 INFO o.a.j.p.h.s.HTTPSamplerBase: Parser for text/vnd.wap.wml is org.apache.jmeter.protocol.http.parser.RegexpHTMLParser
2022-02-23 01:00:14,905 INFO o.a.j.p.h.s.HTTPSamplerBase: Parser for text/css is org.apache.jmeter.protocol.http.parser.CssParser
2022-02-23 01:00:14,937 INFO o.a.j.JMeter: Creating summariser <summary>
2022-02-23 01:00:14,940 INFO o.a.j.r.d.ReportGenerator: ReportGenerator will use for Parsing the separator: ','
2022-02-23 01:00:14,940 INFO o.a.j.r.d.ReportGenerator: Will generate report at end of test from  results file: Variante D.csv
2022-02-23 01:00:14,940 INFO o.a.j.r.d.ReportGenerator: Reading report generator properties from: C:\Users\simon\Desktop\Bachelor\Thesis\apache-jmeter-5.4.3\bin\reportgenerator.properties
2022-02-23 01:00:14,941 INFO o.a.j.r.d.ReportGenerator: Merging with JMeter properties
2022-02-23 01:00:14,943 INFO o.a.j.r.c.ReportGeneratorConfiguration: Property 'jmeter.reportgenerator.temp_dir' not found, using default value 'temp' instead.
2022-02-23 01:00:14,945 INFO o.a.j.r.c.ReportGeneratorConfiguration: Property 'jmeter.reportgenerator.apdex_per_transaction' not found, using default value 'null' instead.
2022-02-23 01:00:14,945 INFO o.a.j.r.c.ReportGeneratorConfiguration: apdex_per_transaction is empty, not APDEX per transaction customization
2022-02-23 01:00:14,946 INFO o.a.j.r.c.ReportGeneratorConfiguration: Property 'jmeter.reportgenerator.sample_filter' not found, using default value 'null' instead.
2022-02-23 01:00:14,946 INFO o.a.j.r.c.ReportGeneratorConfiguration: Property 'jmeter.reportgenerator.report_title' not found, using default value 'null' instead.
2022-02-23 01:00:14,946 INFO o.a.j.r.c.ReportGeneratorConfiguration: Property 'jmeter.reportgenerator.start_date' not found, using default value 'null' instead.
2022-02-23 01:00:14,946 INFO o.a.j.r.c.ReportGeneratorConfiguration: Property 'jmeter.reportgenerator.end_date' not found, using default value 'null' instead.
2022-02-23 01:00:14,946 INFO o.a.j.r.c.ReportGeneratorConfiguration: Property 'jmeter.reportgenerator.date_format' not found, using default value 'null' instead.
2022-02-23 01:00:14,946 INFO o.a.j.r.c.ReportGeneratorConfiguration: Will use date range start date: null, end date: null
2022-02-23 01:00:14,948 INFO o.a.j.r.c.ReportGeneratorConfiguration: Property 'jmeter.reportgenerator.graph.totalTPS.exclude_controllers' not found, using default value 'false' instead.
2022-02-23 01:00:14,948 INFO o.a.j.r.c.ReportGeneratorConfiguration: Property 'jmeter.reportgenerator.graph.activeThreadsOverTime.exclude_controllers' not found, using default value 'false' instead.
2022-02-23 01:00:14,949 INFO o.a.j.r.c.ReportGeneratorConfiguration: Property 'jmeter.reportgenerator.graph.timeVsThreads.exclude_controllers' not found, using default value 'false' instead.
2022-02-23 01:00:14,949 INFO o.a.j.r.c.ReportGeneratorConfiguration: Property 'jmeter.reportgenerator.graph.responseTimeDistribution.exclude_controllers' not found, using default value 'false' instead.
2022-02-23 01:00:14,949 INFO o.a.j.r.c.ReportGeneratorConfiguration: Property 'jmeter.reportgenerator.graph.transactionsPerSecond.exclude_controllers' not found, using default value 'false' instead.
2022-02-23 01:00:14,949 INFO o.a.j.r.c.ReportGeneratorConfiguration: Property 'jmeter.reportgenerator.graph.responseTimePercentiles.exclude_controllers' not found, using default value 'false' instead.
2022-02-23 01:00:14,949 INFO o.a.j.r.c.ReportGeneratorConfiguration: Property 'jmeter.reportgenerator.graph.responseTimePercentilesOverTime.exclude_controllers' not found, using default value 'false' instead.
2022-02-23 01:00:14,949 INFO o.a.j.r.c.ReportGeneratorConfiguration: Property 'jmeter.reportgenerator.graph.responseTimesOverTime.exclude_controllers' not found, using default value 'false' instead.
2022-02-23 01:00:14,949 INFO o.a.j.r.c.ReportGeneratorConfiguration: Property 'jmeter.reportgenerator.graph.connectTimeOverTime.exclude_controllers' not found, using default value 'false' instead.
2022-02-23 01:00:14,949 INFO o.a.j.r.c.ReportGeneratorConfiguration: Property 'jmeter.reportgenerator.graph.latenciesOverTime.exclude_controllers' not found, using default value 'false' instead.
2022-02-23 01:00:14,950 INFO o.a.j.r.c.ReportGeneratorConfiguration: Property 'jmeter.reportgenerator.exporter.json.filters_only_sample_series' not found, using default value 'true' instead.
2022-02-23 01:00:14,950 INFO o.a.j.r.c.ReportGeneratorConfiguration: Property 'jmeter.reportgenerator.exporter.json.series_filter' not found, using default value '' instead.
2022-02-23 01:00:14,950 INFO o.a.j.r.c.ReportGeneratorConfiguration: Property 'jmeter.reportgenerator.exporter.json.show_controllers_only' not found, using default value 'false' instead.
2022-02-23 01:00:14,950 INFO o.a.j.r.c.ReportGeneratorConfiguration: Property 'jmeter.reportgenerator.exporter.html.filters_only_sample_series' not found, using default value 'true' instead.
2022-02-23 01:00:14,950 INFO o.a.j.r.c.ReportGeneratorConfiguration: Property 'jmeter.reportgenerator.exporter.html.series_filter' not found, using default value '' instead.
2022-02-23 01:00:14,950 INFO o.a.j.r.c.ReportGeneratorConfiguration: Property 'jmeter.reportgenerator.exporter.html.show_controllers_only' not found, using default value 'false' instead.
2022-02-23 01:00:14,953 INFO o.a.j.e.StandardJMeterEngine: Running the test!
2022-02-23 01:00:14,953 INFO o.a.j.s.SampleEvent: List of sample_variables: []
2022-02-23 01:00:14,953 INFO o.a.j.s.SampleEvent: List of sample_variables: []
2022-02-23 01:00:14,956 INFO o.a.j.e.u.CompoundVariable: Note: Function class names must contain the string: '.functions.'
2022-02-23 01:00:14,956 INFO o.a.j.e.u.CompoundVariable: Note: Function class names must not contain the string: '.gui.'
2022-02-23 01:00:15,125 INFO o.a.j.JMeter: Running test (1645574415125)
2022-02-23 01:00:15,126 INFO o.a.j.e.StandardJMeterEngine: Starting setUp thread groups
2022-02-23 01:00:15,126 INFO o.a.j.e.StandardJMeterEngine: Starting setUp ThreadGroup: 1 : setUp Thread Group 
2022-02-23 01:00:15,126 INFO o.a.j.e.StandardJMeterEngine: Starting 10 threads for group setUp Thread Group.
2022-02-23 01:00:15,126 INFO o.a.j.e.StandardJMeterEngine: Test will stop abruptly on error
2022-02-23 01:00:15,126 INFO o.a.j.t.ThreadGroup: Starting thread group... number=1 threads=10 ramp-up=1 delayedStart=false
2022-02-23 01:00:15,130 INFO o.a.j.t.JMeterThread: Thread started: setUp Thread Group 1-1
2022-02-23 01:00:15,134 INFO o.a.j.t.ThreadGroup: Started thread group number 1
2022-02-23 01:00:15,134 INFO o.a.j.e.StandardJMeterEngine: Waiting for all setup thread groups to exit
2022-02-23 01:00:15,144 INFO o.a.j.p.h.s.HTTPHCAbstractImpl: Local host = DESKTOP-V9SAQ1L
2022-02-23 01:00:15,147 INFO o.a.j.p.h.s.HTTPHC4Impl: HTTP request retry count = 0
2022-02-23 01:00:15,148 INFO o.a.j.s.SampleResult: Note: Sample TimeStamps are START times
2022-02-23 01:00:15,148 INFO o.a.j.s.SampleResult: sampleresult.default.encoding is set to ISO-8859-1
2022-02-23 01:00:15,148 INFO o.a.j.s.SampleResult: sampleresult.useNanoTime=true
2022-02-23 01:00:15,148 INFO o.a.j.s.SampleResult: sampleresult.nanoThreadSleep=5000
2022-02-23 01:00:15,229 INFO o.a.j.t.JMeterThread: Thread started: setUp Thread Group 1-2
2022-02-23 01:00:15,329 INFO o.a.j.t.JMeterThread: Thread started: setUp Thread Group 1-3
2022-02-23 01:00:15,428 INFO o.a.j.t.JMeterThread: Thread started: setUp Thread Group 1-4
2022-02-23 01:00:15,528 INFO o.a.j.t.JMeterThread: Thread started: setUp Thread Group 1-5
2022-02-23 01:00:15,629 INFO o.a.j.t.JMeterThread: Thread started: setUp Thread Group 1-6
2022-02-23 01:00:15,728 INFO o.a.j.t.JMeterThread: Thread started: setUp Thread Group 1-7
2022-02-23 01:00:15,828 INFO o.a.j.t.JMeterThread: Thread started: setUp Thread Group 1-8
2022-02-23 01:00:15,928 INFO o.a.j.t.JMeterThread: Thread started: setUp Thread Group 1-9
2022-02-23 01:00:16,027 INFO o.a.j.t.JMeterThread: Thread started: setUp Thread Group 1-10
2022-02-23 01:00:30,002 INFO o.a.j.r.Summariser: summary +  19073 in 00:00:15 = 1282.2/s Avg:     7 Min:     0 Max:   306 Err:     0 (0.00%) Active: 10 Started: 10 Finished: 0
2022-02-23 01:01:00,001 INFO o.a.j.r.Summariser: summary +  53134 in 00:00:30 = 1771.1/s Avg:     5 Min:     0 Max:    46 Err:     0 (0.00%) Active: 10 Started: 10 Finished: 0
2022-02-23 01:01:00,002 INFO o.a.j.r.Summariser: summary =  72207 in 00:00:45 = 1609.0/s Avg:     6 Min:     0 Max:   306 Err:     0 (0.00%)
2022-02-23 01:01:09,564 INFO o.a.j.t.JMeterThread: Thread is done: setUp Thread Group 1-8
2022-02-23 01:01:09,565 INFO o.a.j.t.JMeterThread: Thread finished: setUp Thread Group 1-8
2022-02-23 01:01:09,966 INFO o.a.j.t.JMeterThread: Thread is done: setUp Thread Group 1-4
2022-02-23 01:01:09,967 INFO o.a.j.t.JMeterThread: Thread finished: setUp Thread Group 1-4
2022-02-23 01:01:09,968 INFO o.a.j.t.JMeterThread: Thread is done: setUp Thread Group 1-7
2022-02-23 01:01:09,968 INFO o.a.j.t.JMeterThread: Thread finished: setUp Thread Group 1-7
2022-02-23 01:01:10,201 INFO o.a.j.t.JMeterThread: Thread is done: setUp Thread Group 1-3
2022-02-23 01:01:10,201 INFO o.a.j.t.JMeterThread: Thread finished: setUp Thread Group 1-3
2022-02-23 01:01:10,247 INFO o.a.j.t.JMeterThread: Thread is done: setUp Thread Group 1-10
2022-02-23 01:01:10,247 INFO o.a.j.t.JMeterThread: Thread finished: setUp Thread Group 1-10
2022-02-23 01:01:10,294 INFO o.a.j.t.JMeterThread: Thread is done: setUp Thread Group 1-2
2022-02-23 01:01:10,294 INFO o.a.j.t.JMeterThread: Thread finished: setUp Thread Group 1-2
2022-02-23 01:01:10,386 INFO o.a.j.t.JMeterThread: Thread is done: setUp Thread Group 1-9
2022-02-23 01:01:10,386 INFO o.a.j.t.JMeterThread: Thread finished: setUp Thread Group 1-9
2022-02-23 01:01:10,589 INFO o.a.j.t.JMeterThread: Thread is done: setUp Thread Group 1-6
2022-02-23 01:01:10,589 INFO o.a.j.t.JMeterThread: Thread finished: setUp Thread Group 1-6
2022-02-23 01:01:10,636 INFO o.a.j.t.JMeterThread: Thread is done: setUp Thread Group 1-1
2022-02-23 01:01:10,637 INFO o.a.j.t.JMeterThread: Thread finished: setUp Thread Group 1-1
2022-02-23 01:01:10,814 INFO o.a.j.t.JMeterThread: Thread is done: setUp Thread Group 1-5
2022-02-23 01:01:10,814 INFO o.a.j.t.JMeterThread: Thread finished: setUp Thread Group 1-5
2022-02-23 01:01:10,814 INFO o.a.j.e.StandardJMeterEngine: All Setup Threads have ended
2022-02-23 01:01:10,829 INFO o.a.j.e.StandardJMeterEngine: Starting ThreadGroup: 1 : Thread-Gruppe
2022-02-23 01:01:10,829 INFO o.a.j.e.StandardJMeterEngine: Starting 10 threads for group Thread-Gruppe.
2022-02-23 01:01:10,829 INFO o.a.j.e.StandardJMeterEngine: Test will stop abruptly on error
2022-02-23 01:01:10,829 INFO o.a.j.t.ThreadGroup: Starting thread group... number=1 threads=10 ramp-up=1 delayedStart=false
2022-02-23 01:01:10,830 INFO o.a.j.t.JMeterThread: Thread started: Thread-Gruppe 1-1
2022-02-23 01:01:10,833 INFO o.a.j.t.ThreadGroup: Started thread group number 1
2022-02-23 01:01:10,833 INFO o.a.j.e.StandardJMeterEngine: All thread groups have been started
2022-02-23 01:01:10,932 INFO o.a.j.t.JMeterThread: Thread started: Thread-Gruppe 1-2
2022-02-23 01:01:11,031 INFO o.a.j.t.JMeterThread: Thread started: Thread-Gruppe 1-3
2022-02-23 01:01:11,131 INFO o.a.j.t.JMeterThread: Thread started: Thread-Gruppe 1-4
2022-02-23 01:01:11,232 INFO o.a.j.t.JMeterThread: Thread started: Thread-Gruppe 1-5
2022-02-23 01:01:11,332 INFO o.a.j.t.JMeterThread: Thread started: Thread-Gruppe 1-6
2022-02-23 01:01:11,431 INFO o.a.j.t.JMeterThread: Thread started: Thread-Gruppe 1-7
2022-02-23 01:01:11,531 INFO o.a.j.t.JMeterThread: Thread started: Thread-Gruppe 1-8
2022-02-23 01:01:11,631 INFO o.a.j.t.JMeterThread: Thread started: Thread-Gruppe 1-9
2022-02-23 01:01:11,731 INFO o.a.j.t.JMeterThread: Thread started: Thread-Gruppe 1-10
2022-02-23 01:01:30,001 INFO o.a.j.r.Summariser: summary +  46940 in 00:00:30 = 1564.7/s Avg:     6 Min:     0 Max:    38 Err:     0 (0.00%) Active: 10 Started: 10 Finished: 0
2022-02-23 01:01:30,001 INFO o.a.j.r.Summariser: summary = 119147 in 00:01:15 = 1591.3/s Avg:     6 Min:     0 Max:   306 Err:     0 (0.00%)
2022-02-23 01:02:00,001 INFO o.a.j.r.Summariser: summary +  47471 in 00:00:30 = 1582.4/s Avg:     6 Min:     0 Max:    22 Err:     0 (0.00%) Active: 10 Started: 10 Finished: 0
2022-02-23 01:02:00,001 INFO o.a.j.r.Summariser: summary = 166618 in 00:01:45 = 1588.7/s Avg:     6 Min:     0 Max:   306 Err:     0 (0.00%)
2022-02-23 01:02:20,442 INFO o.a.j.t.JMeterThread: Thread is done: Thread-Gruppe 1-1
2022-02-23 01:02:20,442 INFO o.a.j.t.JMeterThread: Thread finished: Thread-Gruppe 1-1
2022-02-23 01:02:20,581 INFO o.a.j.t.JMeterThread: Thread is done: Thread-Gruppe 1-4
2022-02-23 01:02:20,581 INFO o.a.j.t.JMeterThread: Thread finished: Thread-Gruppe 1-4
2022-02-23 01:02:20,656 INFO o.a.j.t.JMeterThread: Thread is done: Thread-Gruppe 1-2
2022-02-23 01:02:20,656 INFO o.a.j.t.JMeterThread: Thread finished: Thread-Gruppe 1-2
2022-02-23 01:02:20,765 INFO o.a.j.t.JMeterThread: Thread is done: Thread-Gruppe 1-8
2022-02-23 01:02:20,765 INFO o.a.j.t.JMeterThread: Thread finished: Thread-Gruppe 1-8
2022-02-23 01:02:20,865 INFO o.a.j.t.JMeterThread: Thread is done: Thread-Gruppe 1-5
2022-02-23 01:02:20,865 INFO o.a.j.t.JMeterThread: Thread finished: Thread-Gruppe 1-5
2022-02-23 01:02:20,941 INFO o.a.j.t.JMeterThread: Thread is done: Thread-Gruppe 1-10
2022-02-23 01:02:20,941 INFO o.a.j.t.JMeterThread: Thread finished: Thread-Gruppe 1-10
2022-02-23 01:02:21,079 INFO o.a.j.t.JMeterThread: Thread is done: Thread-Gruppe 1-6
2022-02-23 01:02:21,079 INFO o.a.j.t.JMeterThread: Thread finished: Thread-Gruppe 1-6
2022-02-23 01:02:21,229 INFO o.a.j.t.JMeterThread: Thread is done: Thread-Gruppe 1-9
2022-02-23 01:02:21,229 INFO o.a.j.t.JMeterThread: Thread finished: Thread-Gruppe 1-9
2022-02-23 01:02:21,498 INFO o.a.j.t.JMeterThread: Thread is done: Thread-Gruppe 1-3
2022-02-23 01:02:21,498 INFO o.a.j.t.JMeterThread: Thread finished: Thread-Gruppe 1-3
2022-02-23 01:02:21,504 INFO o.a.j.t.JMeterThread: Thread is done: Thread-Gruppe 1-7
2022-02-23 01:02:21,504 INFO o.a.j.t.JMeterThread: Thread finished: Thread-Gruppe 1-7
2022-02-23 01:02:21,504 INFO o.a.j.e.StandardJMeterEngine: Notifying test listeners of end of test
2022-02-23 01:02:21,514 INFO o.a.j.r.Summariser: summary +  33382 in 00:00:22 = 1551.7/s Avg:     6 Min:     0 Max:    22 Err:     0 (0.00%) Active: 0 Started: 10 Finished: 10
2022-02-23 01:02:21,514 INFO o.a.j.r.Summariser: summary = 200000 in 00:02:06 = 1582.4/s Avg:     6 Min:     0 Max:   306 Err:     0 (0.00%)
2022-02-23 01:02:21,514 INFO o.a.j.JMeter: Generating Dashboard
2022-02-23 01:02:21,514 INFO o.a.j.r.d.ReportGenerator: Flushing result collector before report Generation
2022-02-23 01:02:21,522 INFO o.a.j.r.p.NormalizerSampleConsumer: Using format, 'ms', to parse timeStamp field
2022-02-23 01:02:23,614 INFO o.a.j.r.p.AbstractSampleConsumer: class org.apache.jmeter.report.processor.AggregateConsumer#stopProducing(): beginDate produced 0 samples
2022-02-23 01:02:23,614 INFO o.a.j.r.p.AbstractSampleConsumer: class org.apache.jmeter.report.processor.AggregateConsumer#stopProducing(): endDate produced 0 samples
2022-02-23 01:02:23,615 INFO o.a.j.r.p.AbstractSampleConsumer: class org.apache.jmeter.report.processor.ApdexSummaryConsumer#stopProducing(): apdexSummary produced 0 samples
2022-02-23 01:02:23,615 INFO o.a.j.r.p.AbstractSampleConsumer: class org.apache.jmeter.report.processor.RequestsSummaryConsumer#stopProducing(): requestsSummary produced 0 samples
2022-02-23 01:02:23,632 INFO o.a.j.r.p.AbstractSampleConsumer: class org.apache.jmeter.report.processor.StatisticsSummaryConsumer#stopProducing(): statisticsSummary produced 0 samples
2022-02-23 01:02:23,633 INFO o.a.j.r.p.AbstractSampleConsumer: class org.apache.jmeter.report.processor.Top5ErrorsBySamplerConsumer#stopProducing(): top5ErrorsBySampler produced 0 samples
2022-02-23 01:02:23,634 INFO o.a.j.r.p.AbstractSampleConsumer: class org.apache.jmeter.report.processor.ErrorsSummaryConsumer#stopProducing(): errorsSummary produced 0 samples
2022-02-23 01:02:23,634 INFO o.a.j.r.p.AbstractSampleConsumer: class org.apache.jmeter.report.processor.graph.impl.HitsPerSecondGraphConsumer#stopProducing(): hitsPerSecond produced 0 samples
2022-02-23 01:02:24,115 INFO o.a.j.r.p.AbstractSampleConsumer: class org.apache.jmeter.report.processor.graph.impl.LatencyVSRequestGraphConsumer#stopProducing(): latencyVsRequest produced 0 samples
2022-02-23 01:02:24,118 INFO o.a.j.r.p.AbstractSampleConsumer: class org.apache.jmeter.report.processor.graph.impl.SyntheticResponseTimeDistributionGraphConsumer#stopProducing(): syntheticResponseTimeDistribution produced 0 samples
2022-02-23 01:02:24,118 INFO o.a.j.r.p.AbstractSampleConsumer: class org.apache.jmeter.report.processor.graph.impl.BytesThroughputGraphConsumer#stopProducing(): bytesThroughputOverTime produced 0 samples
2022-02-23 01:02:24,118 INFO o.a.j.r.p.AbstractSampleConsumer: class org.apache.jmeter.report.processor.graph.impl.CodesPerSecondGraphConsumer#stopProducing(): codesPerSecond produced 0 samples
2022-02-23 01:02:24,565 INFO o.a.j.r.p.AbstractSampleConsumer: class org.apache.jmeter.report.processor.graph.impl.ResponseTimeVSRequestGraphConsumer#stopProducing(): responseTimeVsRequest produced 0 samples
2022-02-23 01:02:24,568 INFO o.a.j.r.p.AbstractSampleConsumer: class org.apache.jmeter.report.processor.FilterConsumer#stopProducing(): startIntervalControlerFilter produced 1400000 samples
2022-02-23 01:02:24,568 INFO o.a.j.r.p.AbstractSampleConsumer: class org.apache.jmeter.report.processor.graph.impl.TotalTPSGraphConsumer#stopProducing(): totalTPS produced 0 samples
2022-02-23 01:02:24,568 INFO o.a.j.r.p.AbstractSampleConsumer: class org.apache.jmeter.report.processor.graph.impl.ActiveThreadsGraphConsumer#stopProducing(): activeThreadsOverTime produced 0 samples
2022-02-23 01:02:24,568 INFO o.a.j.r.p.AbstractSampleConsumer: class org.apache.jmeter.report.processor.graph.impl.TimeVSThreadGraphConsumer#stopProducing(): timeVsThreads produced 0 samples
2022-02-23 01:02:24,568 INFO o.a.j.r.p.AbstractSampleConsumer: class org.apache.jmeter.report.processor.graph.impl.ResponseTimeDistributionGraphConsumer#stopProducing(): responseTimeDistribution produced 0 samples
2022-02-23 01:02:24,568 INFO o.a.j.r.p.AbstractSampleConsumer: class org.apache.jmeter.report.processor.graph.impl.TransactionsPerSecondGraphConsumer#stopProducing(): transactionsPerSecond produced 0 samples
2022-02-23 01:02:24,569 INFO o.a.j.r.p.AbstractSampleConsumer: class org.apache.jmeter.report.processor.graph.impl.ResponseTimePercentilesGraphConsumer#stopProducing(): responseTimePercentiles produced 0 samples
2022-02-23 01:02:24,571 INFO o.a.j.r.p.AbstractSampleConsumer: class org.apache.jmeter.report.processor.graph.impl.ResponseTimePercentilesOverTimeGraphConsumer#stopProducing(): responseTimePercentilesOverTime produced 0 samples
2022-02-23 01:02:24,573 INFO o.a.j.r.p.AbstractSampleConsumer: class org.apache.jmeter.report.processor.graph.impl.ResponseTimeOverTimeGraphConsumer#stopProducing(): responseTimesOverTime produced 0 samples
2022-02-23 01:02:24,573 INFO o.a.j.r.p.AbstractSampleConsumer: class org.apache.jmeter.report.processor.graph.impl.ConnectTimeOverTimeGraphConsumer#stopProducing(): connectTimeOverTime produced 0 samples
2022-02-23 01:02:24,573 INFO o.a.j.r.p.AbstractSampleConsumer: class org.apache.jmeter.report.processor.graph.impl.LatencyOverTimeGraphConsumer#stopProducing(): latenciesOverTime produced 0 samples
2022-02-23 01:02:24,573 INFO o.a.j.r.p.AbstractSampleConsumer: class org.apache.jmeter.report.processor.FilterConsumer#stopProducing(): nameFilter produced 3150000 samples
2022-02-23 01:02:24,573 INFO o.a.j.r.p.AbstractSampleConsumer: class org.apache.jmeter.report.processor.FilterConsumer#stopProducing(): dateRangeFilter produced 630000 samples
2022-02-23 01:02:24,573 INFO o.a.j.r.p.AbstractSampleConsumer: class org.apache.jmeter.report.processor.NormalizerSampleConsumer#stopProducing(): normalizer produced 210000 samples
2022-02-23 01:02:24,573 INFO o.a.j.r.p.CsvFileSampleSource: produce(): 210000 samples produced in 3s 39 ms on channel 0
2022-02-23 01:02:24,573 INFO o.a.j.r.d.ReportGenerator: Exporting data using exporter:'json' of className:'org.apache.jmeter.report.dashboard.JsonExporter'
2022-02-23 01:02:24,634 INFO o.a.j.r.d.JsonExporter: Found data for consumer statisticsSummary in context
2022-02-23 01:02:24,634 INFO o.a.j.r.d.JsonExporter: Creating statistics for overall
2022-02-23 01:02:24,635 INFO o.a.j.r.d.JsonExporter: Creating statistics for other transactions
2022-02-23 01:02:24,635 INFO o.a.j.r.d.JsonExporter: Checking output folder
2022-02-23 01:02:24,636 INFO o.a.j.r.d.JsonExporter: Writing statistics JSON to report-output\statistics.json
2022-02-23 01:02:24,656 INFO o.a.j.r.d.ReportGenerator: Exporting data using exporter:'html' of className:'org.apache.jmeter.report.dashboard.HtmlTemplateExporter'
2022-02-23 01:02:24,658 ERROR o.a.j.JMeter: Error generating the report: Cannot write to 'C:\Users\simon\Desktop\Bachelor\Thesis\apache-jmeter-5.4.3\bin\report-output' as folder is not empty
java.lang.IllegalArgumentException: Cannot write to 'C:\Users\simon\Desktop\Bachelor\Thesis\apache-jmeter-5.4.3\bin\report-output' as folder is not empty
	at org.apache.jorphan.util.JOrphanUtils.canSafelyWriteToFolder(JOrphanUtils.java:663) ~[jorphan.jar:5.4.3]
	at org.apache.jorphan.util.JOrphanUtils.canSafelyWriteToFolder(JOrphanUtils.java:606) ~[jorphan.jar:5.4.3]
	at org.apache.jmeter.report.dashboard.HtmlTemplateExporter.export(HtmlTemplateExporter.java:327) ~[ApacheJMeter_core.jar:5.4.3]
	at org.apache.jmeter.report.dashboard.ReportGenerator.exportData(ReportGenerator.java:379) ~[ApacheJMeter_core.jar:5.4.3]
	at org.apache.jmeter.report.dashboard.ReportGenerator.generate(ReportGenerator.java:257) ~[ApacheJMeter_core.jar:5.4.3]
	at org.apache.jmeter.JMeter$ListenToTest.endTest(JMeter.java:1346) [ApacheJMeter_core.jar:5.4.3]
	at org.apache.jmeter.JMeter$ListenToTest.testEnded(JMeter.java:1301) [ApacheJMeter_core.jar:5.4.3]
	at org.apache.jmeter.engine.StandardJMeterEngine.notifyTestListenersOfEnd(StandardJMeterEngine.java:218) [ApacheJMeter_core.jar:5.4.3]
	at org.apache.jmeter.engine.StandardJMeterEngine.run(StandardJMeterEngine.java:493) [ApacheJMeter_core.jar:5.4.3]
	at java.lang.Thread.run(Thread.java:831) [?:?]
